<?xml version="1.0" encoding="UTF-8"?>
<!-- Generated by org.testng.reporters.JUnitReportReporter -->
<testsuite skipped="0" hostname="eduardowmu-VAIO" name="br.edu.dudu.selenium.ATagTest" tests="1" failures="0" timestamp="22 jun 2019 04:15:03 GMT" time="32.512" errors="0">
  <testcase name="loginElementsPresentTest" time="32.512" classname="br.edu.dudu.selenium.ATagTest"/>
</testsuite> <!-- br.edu.dudu.selenium.ATagTest -->
