<?xml version="1.0" encoding="UTF-8"?>
<!-- Generated by org.testng.reporters.JUnitReportReporter -->
<testsuite skipped="0" hostname="eduardowmu-VAIO" name="br.edu.dudu.selenium.LoginPresentTestNG" tests="1" failures="0" timestamp="22 jun 2019 04:15:03 GMT" time="4.522" errors="0">
  <testcase name="loginElementsPresentTest" time="4.522" classname="br.edu.dudu.selenium.LoginPresentTestNG"/>
</testsuite> <!-- br.edu.dudu.selenium.LoginPresentTestNG -->
